______________________________________________________________________
Log file created at : Thu Jul 18 19:42:31 2024
______________________________________________________________________
Copied File C:\Users\satis\OneDrive\Desktop\Python\Assignment\Python_Programming_Assignment_10\Copied_Files\CloseFile.py
Copied File C:\Users\satis\OneDrive\Desktop\Python\Assignment\Python_Programming_Assignment_10\Copied_Files\Copy.txt
Copied File C:\Users\satis\OneDrive\Desktop\Python\Assignment\Python_Programming_Assignment_10\Copied_Files\CreateFile.py
Copied File C:\Users\satis\OneDrive\Desktop\Python\Assignment\Python_Programming_Assignment_10\Copied_Files\CreateFileX.py
Copied File C:\Users\satis\OneDrive\Desktop\Python\Assignment\Python_Programming_Assignment_10\Copied_Files\DeleteFile.py
Copied File C:\Users\satis\OneDrive\Desktop\Python\Assignment\Python_Programming_Assignment_10\Copied_Files\Demo.txt
Copied File C:\Users\satis\OneDrive\Desktop\Python\Assignment\Python_Programming_Assignment_10\Copied_Files\Demo1.txt
Copied File C:\Users\satis\OneDrive\Desktop\Python\Assignment\Python_Programming_Assignment_10\Copied_Files\duplicate.c
Copied File C:\Users\satis\OneDrive\Desktop\Python\Assignment\Python_Programming_Assignment_10\Copied_Files\program161.c
Copied File C:\Users\satis\OneDrive\Desktop\Python\Assignment\Python_Programming_Assignment_10\Copied_Files\program162.c
Copied File C:\Users\satis\OneDrive\Desktop\Python\Assignment\Python_Programming_Assignment_10\Copied_Files\program163.c
Copied File C:\Users\satis\OneDrive\Desktop\Python\Assignment\Python_Programming_Assignment_10\Copied_Files\program164.c
Copied File C:\Users\satis\OneDrive\Desktop\Python\Assignment\Python_Programming_Assignment_10\Copied_Files\Text.txt
______________________________________________________________________
Time required to copy files : 0.02704644203186035

______________________________________________________________________
Log file created at : Thu Jul 18 19:43:46 2024
______________________________________________________________________
Copied File:>>> C:\Users\satis\OneDrive\Desktop\Python\Assignment\Python_Programming_Assignment_10\Copied_Files\CloseFile.py
Copied File:>>> C:\Users\satis\OneDrive\Desktop\Python\Assignment\Python_Programming_Assignment_10\Copied_Files\Copy.txt
Copied File:>>> C:\Users\satis\OneDrive\Desktop\Python\Assignment\Python_Programming_Assignment_10\Copied_Files\CreateFile.py
Copied File:>>> C:\Users\satis\OneDrive\Desktop\Python\Assignment\Python_Programming_Assignment_10\Copied_Files\CreateFileX.py
Copied File:>>> C:\Users\satis\OneDrive\Desktop\Python\Assignment\Python_Programming_Assignment_10\Copied_Files\DeleteFile.py
Copied File:>>> C:\Users\satis\OneDrive\Desktop\Python\Assignment\Python_Programming_Assignment_10\Copied_Files\Demo.txt
Copied File:>>> C:\Users\satis\OneDrive\Desktop\Python\Assignment\Python_Programming_Assignment_10\Copied_Files\Demo1.txt
Copied File:>>> C:\Users\satis\OneDrive\Desktop\Python\Assignment\Python_Programming_Assignment_10\Copied_Files\duplicate.c
Copied File:>>> C:\Users\satis\OneDrive\Desktop\Python\Assignment\Python_Programming_Assignment_10\Copied_Files\program161.c
Copied File:>>> C:\Users\satis\OneDrive\Desktop\Python\Assignment\Python_Programming_Assignment_10\Copied_Files\program162.c
Copied File:>>> C:\Users\satis\OneDrive\Desktop\Python\Assignment\Python_Programming_Assignment_10\Copied_Files\program163.c
Copied File:>>> C:\Users\satis\OneDrive\Desktop\Python\Assignment\Python_Programming_Assignment_10\Copied_Files\program164.c
Copied File:>>> C:\Users\satis\OneDrive\Desktop\Python\Assignment\Python_Programming_Assignment_10\Copied_Files\Text.txt
______________________________________________________________________
Time required to copy files : 0.023244619369506836

______________________________________________________________________
Log file created at : Sat Jul 20 09:09:17 2024
______________________________________________________________________
Copied File:>>> C:\Users\satis\OneDrive\Desktop\Python\Assignment\Python_Programming_Assignment_10\Copied_Files\CloseFile.py
Copied File:>>> C:\Users\satis\OneDrive\Desktop\Python\Assignment\Python_Programming_Assignment_10\Copied_Files\Copy.txt
Copied File:>>> C:\Users\satis\OneDrive\Desktop\Python\Assignment\Python_Programming_Assignment_10\Copied_Files\CreateFile.py
Copied File:>>> C:\Users\satis\OneDrive\Desktop\Python\Assignment\Python_Programming_Assignment_10\Copied_Files\CreateFileX.py
Copied File:>>> C:\Users\satis\OneDrive\Desktop\Python\Assignment\Python_Programming_Assignment_10\Copied_Files\DeleteFile.py
Copied File:>>> C:\Users\satis\OneDrive\Desktop\Python\Assignment\Python_Programming_Assignment_10\Copied_Files\Demo.txt
Copied File:>>> C:\Users\satis\OneDrive\Desktop\Python\Assignment\Python_Programming_Assignment_10\Copied_Files\Demo1.txt
Copied File:>>> C:\Users\satis\OneDrive\Desktop\Python\Assignment\Python_Programming_Assignment_10\Copied_Files\duplicate.c
Copied File:>>> C:\Users\satis\OneDrive\Desktop\Python\Assignment\Python_Programming_Assignment_10\Copied_Files\program161.c
Copied File:>>> C:\Users\satis\OneDrive\Desktop\Python\Assignment\Python_Programming_Assignment_10\Copied_Files\program162.c
Copied File:>>> C:\Users\satis\OneDrive\Desktop\Python\Assignment\Python_Programming_Assignment_10\Copied_Files\program163.c
Copied File:>>> C:\Users\satis\OneDrive\Desktop\Python\Assignment\Python_Programming_Assignment_10\Copied_Files\program164.c
Copied File:>>> C:\Users\satis\OneDrive\Desktop\Python\Assignment\Python_Programming_Assignment_10\Copied_Files\Text.txt
______________________________________________________________________
Time required to copy files : 0.18213915824890137

______________________________________________________________________
Log file created at : Sat Jul 20 09:27:15 2024
______________________________________________________________________
Copied File:>>> C:\Users\satis\OneDrive\Desktop\Python\Assignment\Python_Programming_Assignment_10\CopiedFiles\CloseFile.py
Copied File:>>> C:\Users\satis\OneDrive\Desktop\Python\Assignment\Python_Programming_Assignment_10\CopiedFiles\Copy.txt
Copied File:>>> C:\Users\satis\OneDrive\Desktop\Python\Assignment\Python_Programming_Assignment_10\CopiedFiles\CreateFile.py
Copied File:>>> C:\Users\satis\OneDrive\Desktop\Python\Assignment\Python_Programming_Assignment_10\CopiedFiles\CreateFileX.py
Copied File:>>> C:\Users\satis\OneDrive\Desktop\Python\Assignment\Python_Programming_Assignment_10\CopiedFiles\DeleteFile.py
Copied File:>>> C:\Users\satis\OneDrive\Desktop\Python\Assignment\Python_Programming_Assignment_10\CopiedFiles\Demo.txt
Copied File:>>> C:\Users\satis\OneDrive\Desktop\Python\Assignment\Python_Programming_Assignment_10\CopiedFiles\Demo1.txt
Copied File:>>> C:\Users\satis\OneDrive\Desktop\Python\Assignment\Python_Programming_Assignment_10\CopiedFiles\duplicate.c
Copied File:>>> C:\Users\satis\OneDrive\Desktop\Python\Assignment\Python_Programming_Assignment_10\CopiedFiles\program161.c
Copied File:>>> C:\Users\satis\OneDrive\Desktop\Python\Assignment\Python_Programming_Assignment_10\CopiedFiles\program162.c
Copied File:>>> C:\Users\satis\OneDrive\Desktop\Python\Assignment\Python_Programming_Assignment_10\CopiedFiles\program163.c
Copied File:>>> C:\Users\satis\OneDrive\Desktop\Python\Assignment\Python_Programming_Assignment_10\CopiedFiles\program164.c
Copied File:>>> C:\Users\satis\OneDrive\Desktop\Python\Assignment\Python_Programming_Assignment_10\CopiedFiles\Text.txt
______________________________________________________________________
Time required to copy files : 0.020304203033447266

______________________________________________________________________
Log file created at : Sat Jul 20 09:27:28 2024
______________________________________________________________________
Copied File:>>> C:\Users\satis\OneDrive\Desktop\Python\Assignment\Python_Programming_Assignment_10\xxx\CloseFile.py
Copied File:>>> C:\Users\satis\OneDrive\Desktop\Python\Assignment\Python_Programming_Assignment_10\xxx\Copy.txt
Copied File:>>> C:\Users\satis\OneDrive\Desktop\Python\Assignment\Python_Programming_Assignment_10\xxx\CreateFile.py
Copied File:>>> C:\Users\satis\OneDrive\Desktop\Python\Assignment\Python_Programming_Assignment_10\xxx\CreateFileX.py
Copied File:>>> C:\Users\satis\OneDrive\Desktop\Python\Assignment\Python_Programming_Assignment_10\xxx\DeleteFile.py
Copied File:>>> C:\Users\satis\OneDrive\Desktop\Python\Assignment\Python_Programming_Assignment_10\xxx\Demo.txt
Copied File:>>> C:\Users\satis\OneDrive\Desktop\Python\Assignment\Python_Programming_Assignment_10\xxx\Demo1.txt
Copied File:>>> C:\Users\satis\OneDrive\Desktop\Python\Assignment\Python_Programming_Assignment_10\xxx\duplicate.c
Copied File:>>> C:\Users\satis\OneDrive\Desktop\Python\Assignment\Python_Programming_Assignment_10\xxx\program161.c
Copied File:>>> C:\Users\satis\OneDrive\Desktop\Python\Assignment\Python_Programming_Assignment_10\xxx\program162.c
Copied File:>>> C:\Users\satis\OneDrive\Desktop\Python\Assignment\Python_Programming_Assignment_10\xxx\program163.c
Copied File:>>> C:\Users\satis\OneDrive\Desktop\Python\Assignment\Python_Programming_Assignment_10\xxx\program164.c
Copied File:>>> C:\Users\satis\OneDrive\Desktop\Python\Assignment\Python_Programming_Assignment_10\xxx\Text.txt
______________________________________________________________________
Time required to copy files : 0.024445056915283203

______________________________________________________________________
Log file created at : Sat Jul 20 09:28:20 2024
______________________________________________________________________
Copied File:>>> C:\Users\satis\OneDrive\Desktop\Python\Assignment\Python_Programming_Assignment_10\CopiedFiles\CloseFile.py
Copied File:>>> C:\Users\satis\OneDrive\Desktop\Python\Assignment\Python_Programming_Assignment_10\CopiedFiles\Copy.txt
Copied File:>>> C:\Users\satis\OneDrive\Desktop\Python\Assignment\Python_Programming_Assignment_10\CopiedFiles\CreateFile.py
Copied File:>>> C:\Users\satis\OneDrive\Desktop\Python\Assignment\Python_Programming_Assignment_10\CopiedFiles\CreateFileX.py
Copied File:>>> C:\Users\satis\OneDrive\Desktop\Python\Assignment\Python_Programming_Assignment_10\CopiedFiles\DeleteFile.py
Copied File:>>> C:\Users\satis\OneDrive\Desktop\Python\Assignment\Python_Programming_Assignment_10\CopiedFiles\Demo.txt
Copied File:>>> C:\Users\satis\OneDrive\Desktop\Python\Assignment\Python_Programming_Assignment_10\CopiedFiles\Demo1.txt
Copied File:>>> C:\Users\satis\OneDrive\Desktop\Python\Assignment\Python_Programming_Assignment_10\CopiedFiles\duplicate.c
Copied File:>>> C:\Users\satis\OneDrive\Desktop\Python\Assignment\Python_Programming_Assignment_10\CopiedFiles\program161.c
Copied File:>>> C:\Users\satis\OneDrive\Desktop\Python\Assignment\Python_Programming_Assignment_10\CopiedFiles\program162.c
Copied File:>>> C:\Users\satis\OneDrive\Desktop\Python\Assignment\Python_Programming_Assignment_10\CopiedFiles\program163.c
Copied File:>>> C:\Users\satis\OneDrive\Desktop\Python\Assignment\Python_Programming_Assignment_10\CopiedFiles\program164.c
Copied File:>>> C:\Users\satis\OneDrive\Desktop\Python\Assignment\Python_Programming_Assignment_10\CopiedFiles\Text.txt
______________________________________________________________________
Time required to copy files : 0.06190013885498047

______________________________________________________________________
Log file created at : Sat Jul 20 09:32:04 2024
______________________________________________________________________
Copied File:>>> C:\Users\satis\OneDrive\Desktop\Python\Assignment\Python_Programming_Assignment_10\CopiedFiles\CloseFile.py
Copied File:>>> C:\Users\satis\OneDrive\Desktop\Python\Assignment\Python_Programming_Assignment_10\CopiedFiles\Copy.txt
Copied File:>>> C:\Users\satis\OneDrive\Desktop\Python\Assignment\Python_Programming_Assignment_10\CopiedFiles\CreateFile.py
Copied File:>>> C:\Users\satis\OneDrive\Desktop\Python\Assignment\Python_Programming_Assignment_10\CopiedFiles\CreateFileX.py
Copied File:>>> C:\Users\satis\OneDrive\Desktop\Python\Assignment\Python_Programming_Assignment_10\CopiedFiles\DeleteFile.py
Copied File:>>> C:\Users\satis\OneDrive\Desktop\Python\Assignment\Python_Programming_Assignment_10\CopiedFiles\Demo.txt
Copied File:>>> C:\Users\satis\OneDrive\Desktop\Python\Assignment\Python_Programming_Assignment_10\CopiedFiles\Demo1.txt
Copied File:>>> C:\Users\satis\OneDrive\Desktop\Python\Assignment\Python_Programming_Assignment_10\CopiedFiles\duplicate.c
Copied File:>>> C:\Users\satis\OneDrive\Desktop\Python\Assignment\Python_Programming_Assignment_10\CopiedFiles\program161.c
Copied File:>>> C:\Users\satis\OneDrive\Desktop\Python\Assignment\Python_Programming_Assignment_10\CopiedFiles\program162.c
Copied File:>>> C:\Users\satis\OneDrive\Desktop\Python\Assignment\Python_Programming_Assignment_10\CopiedFiles\program163.c
Copied File:>>> C:\Users\satis\OneDrive\Desktop\Python\Assignment\Python_Programming_Assignment_10\CopiedFiles\program164.c
Copied File:>>> C:\Users\satis\OneDrive\Desktop\Python\Assignment\Python_Programming_Assignment_10\CopiedFiles\Text.txt
______________________________________________________________________
Time required to copy files : 0.035236358642578125

______________________________________________________________________
Log file created at : Sat Jul 20 09:32:35 2024
______________________________________________________________________
Copied File:>>> C:\Users\satis\OneDrive\Desktop\Python\Assignment\Python_Programming_Assignment_10\CopiedFiles\CloseFile.py
Copied File:>>> C:\Users\satis\OneDrive\Desktop\Python\Assignment\Python_Programming_Assignment_10\CopiedFiles\Copy.txt
Copied File:>>> C:\Users\satis\OneDrive\Desktop\Python\Assignment\Python_Programming_Assignment_10\CopiedFiles\CreateFile.py
Copied File:>>> C:\Users\satis\OneDrive\Desktop\Python\Assignment\Python_Programming_Assignment_10\CopiedFiles\CreateFileX.py
Copied File:>>> C:\Users\satis\OneDrive\Desktop\Python\Assignment\Python_Programming_Assignment_10\CopiedFiles\DeleteFile.py
Copied File:>>> C:\Users\satis\OneDrive\Desktop\Python\Assignment\Python_Programming_Assignment_10\CopiedFiles\Demo.txt
Copied File:>>> C:\Users\satis\OneDrive\Desktop\Python\Assignment\Python_Programming_Assignment_10\CopiedFiles\Demo1.txt
Copied File:>>> C:\Users\satis\OneDrive\Desktop\Python\Assignment\Python_Programming_Assignment_10\CopiedFiles\duplicate.c
Copied File:>>> C:\Users\satis\OneDrive\Desktop\Python\Assignment\Python_Programming_Assignment_10\CopiedFiles\program161.c
Copied File:>>> C:\Users\satis\OneDrive\Desktop\Python\Assignment\Python_Programming_Assignment_10\CopiedFiles\program162.c
Copied File:>>> C:\Users\satis\OneDrive\Desktop\Python\Assignment\Python_Programming_Assignment_10\CopiedFiles\program163.c
Copied File:>>> C:\Users\satis\OneDrive\Desktop\Python\Assignment\Python_Programming_Assignment_10\CopiedFiles\program164.c
Copied File:>>> C:\Users\satis\OneDrive\Desktop\Python\Assignment\Python_Programming_Assignment_10\CopiedFiles\Text.txt
______________________________________________________________________
Time required to copy files : 0.01642131805419922

______________________________________________________________________
Log file created at : Sat Jul 20 09:32:51 2024
______________________________________________________________________
Copied File:>>> C:\Users\satis\OneDrive\Desktop\Python\Assignment\Python_Programming_Assignment_10\CopiedFiles\CloseFile.py
Copied File:>>> C:\Users\satis\OneDrive\Desktop\Python\Assignment\Python_Programming_Assignment_10\CopiedFiles\Copy.txt
Copied File:>>> C:\Users\satis\OneDrive\Desktop\Python\Assignment\Python_Programming_Assignment_10\CopiedFiles\CreateFile.py
Copied File:>>> C:\Users\satis\OneDrive\Desktop\Python\Assignment\Python_Programming_Assignment_10\CopiedFiles\CreateFileX.py
Copied File:>>> C:\Users\satis\OneDrive\Desktop\Python\Assignment\Python_Programming_Assignment_10\CopiedFiles\DeleteFile.py
Copied File:>>> C:\Users\satis\OneDrive\Desktop\Python\Assignment\Python_Programming_Assignment_10\CopiedFiles\Demo.txt
Copied File:>>> C:\Users\satis\OneDrive\Desktop\Python\Assignment\Python_Programming_Assignment_10\CopiedFiles\Demo1.txt
Copied File:>>> C:\Users\satis\OneDrive\Desktop\Python\Assignment\Python_Programming_Assignment_10\CopiedFiles\duplicate.c
Copied File:>>> C:\Users\satis\OneDrive\Desktop\Python\Assignment\Python_Programming_Assignment_10\CopiedFiles\program161.c
Copied File:>>> C:\Users\satis\OneDrive\Desktop\Python\Assignment\Python_Programming_Assignment_10\CopiedFiles\program162.c
Copied File:>>> C:\Users\satis\OneDrive\Desktop\Python\Assignment\Python_Programming_Assignment_10\CopiedFiles\program163.c
Copied File:>>> C:\Users\satis\OneDrive\Desktop\Python\Assignment\Python_Programming_Assignment_10\CopiedFiles\program164.c
Copied File:>>> C:\Users\satis\OneDrive\Desktop\Python\Assignment\Python_Programming_Assignment_10\CopiedFiles\Text.txt
______________________________________________________________________
Time required to copy files : 0.024476289749145508

______________________________________________________________________
Log file created at : Sat Jul 20 09:33:40 2024
______________________________________________________________________
Copied File:>>> C:\Users\satis\OneDrive\Desktop\Python\Assignment\Python_Programming_Assignment_10\CopiedFiles\CloseFile.py
Copied File:>>> C:\Users\satis\OneDrive\Desktop\Python\Assignment\Python_Programming_Assignment_10\CopiedFiles\Copy.txt
Copied File:>>> C:\Users\satis\OneDrive\Desktop\Python\Assignment\Python_Programming_Assignment_10\CopiedFiles\CreateFile.py
Copied File:>>> C:\Users\satis\OneDrive\Desktop\Python\Assignment\Python_Programming_Assignment_10\CopiedFiles\CreateFileX.py
Copied File:>>> C:\Users\satis\OneDrive\Desktop\Python\Assignment\Python_Programming_Assignment_10\CopiedFiles\DeleteFile.py
Copied File:>>> C:\Users\satis\OneDrive\Desktop\Python\Assignment\Python_Programming_Assignment_10\CopiedFiles\Demo.txt
Copied File:>>> C:\Users\satis\OneDrive\Desktop\Python\Assignment\Python_Programming_Assignment_10\CopiedFiles\Demo1.txt
Copied File:>>> C:\Users\satis\OneDrive\Desktop\Python\Assignment\Python_Programming_Assignment_10\CopiedFiles\duplicate.c
Copied File:>>> C:\Users\satis\OneDrive\Desktop\Python\Assignment\Python_Programming_Assignment_10\CopiedFiles\program161.c
Copied File:>>> C:\Users\satis\OneDrive\Desktop\Python\Assignment\Python_Programming_Assignment_10\CopiedFiles\program162.c
Copied File:>>> C:\Users\satis\OneDrive\Desktop\Python\Assignment\Python_Programming_Assignment_10\CopiedFiles\program163.c
Copied File:>>> C:\Users\satis\OneDrive\Desktop\Python\Assignment\Python_Programming_Assignment_10\CopiedFiles\program164.c
Copied File:>>> C:\Users\satis\OneDrive\Desktop\Python\Assignment\Python_Programming_Assignment_10\CopiedFiles\Text.txt
______________________________________________________________________
Time required to copy files : 0.019574403762817383

______________________________________________________________________
Log file created at : Sat Jul 20 09:34:00 2024
______________________________________________________________________
Copied File:>>> C:\Users\satis\OneDrive\Desktop\Python\Assignment\Python_Programming_Assignment_10\CopiedFiles\CloseFile.py
Copied File:>>> C:\Users\satis\OneDrive\Desktop\Python\Assignment\Python_Programming_Assignment_10\CopiedFiles\Copy.txt
Copied File:>>> C:\Users\satis\OneDrive\Desktop\Python\Assignment\Python_Programming_Assignment_10\CopiedFiles\CreateFile.py
Copied File:>>> C:\Users\satis\OneDrive\Desktop\Python\Assignment\Python_Programming_Assignment_10\CopiedFiles\CreateFileX.py
Copied File:>>> C:\Users\satis\OneDrive\Desktop\Python\Assignment\Python_Programming_Assignment_10\CopiedFiles\DeleteFile.py
Copied File:>>> C:\Users\satis\OneDrive\Desktop\Python\Assignment\Python_Programming_Assignment_10\CopiedFiles\Demo.txt
Copied File:>>> C:\Users\satis\OneDrive\Desktop\Python\Assignment\Python_Programming_Assignment_10\CopiedFiles\Demo1.txt
Copied File:>>> C:\Users\satis\OneDrive\Desktop\Python\Assignment\Python_Programming_Assignment_10\CopiedFiles\duplicate.c
Copied File:>>> C:\Users\satis\OneDrive\Desktop\Python\Assignment\Python_Programming_Assignment_10\CopiedFiles\program161.c
Copied File:>>> C:\Users\satis\OneDrive\Desktop\Python\Assignment\Python_Programming_Assignment_10\CopiedFiles\program162.c
Copied File:>>> C:\Users\satis\OneDrive\Desktop\Python\Assignment\Python_Programming_Assignment_10\CopiedFiles\program163.c
Copied File:>>> C:\Users\satis\OneDrive\Desktop\Python\Assignment\Python_Programming_Assignment_10\CopiedFiles\program164.c
Copied File:>>> C:\Users\satis\OneDrive\Desktop\Python\Assignment\Python_Programming_Assignment_10\CopiedFiles\Text.txt
______________________________________________________________________
Time required to copy files : 0.02214789390563965

______________________________________________________________________
Log file created at : Sat Jul 20 09:34:20 2024
______________________________________________________________________
Copied File:>>> C:\Users\satis\OneDrive\Desktop\Python\Assignment\Python_Programming_Assignment_10\CopiedFiles\CloseFile.py
Copied File:>>> C:\Users\satis\OneDrive\Desktop\Python\Assignment\Python_Programming_Assignment_10\CopiedFiles\Copy.txt
Copied File:>>> C:\Users\satis\OneDrive\Desktop\Python\Assignment\Python_Programming_Assignment_10\CopiedFiles\CreateFile.py
Copied File:>>> C:\Users\satis\OneDrive\Desktop\Python\Assignment\Python_Programming_Assignment_10\CopiedFiles\CreateFileX.py
Copied File:>>> C:\Users\satis\OneDrive\Desktop\Python\Assignment\Python_Programming_Assignment_10\CopiedFiles\DeleteFile.py
Copied File:>>> C:\Users\satis\OneDrive\Desktop\Python\Assignment\Python_Programming_Assignment_10\CopiedFiles\Demo.txt
Copied File:>>> C:\Users\satis\OneDrive\Desktop\Python\Assignment\Python_Programming_Assignment_10\CopiedFiles\Demo1.txt
Copied File:>>> C:\Users\satis\OneDrive\Desktop\Python\Assignment\Python_Programming_Assignment_10\CopiedFiles\duplicate.c
Copied File:>>> C:\Users\satis\OneDrive\Desktop\Python\Assignment\Python_Programming_Assignment_10\CopiedFiles\program161.c
Copied File:>>> C:\Users\satis\OneDrive\Desktop\Python\Assignment\Python_Programming_Assignment_10\CopiedFiles\program162.c
Copied File:>>> C:\Users\satis\OneDrive\Desktop\Python\Assignment\Python_Programming_Assignment_10\CopiedFiles\program163.c
Copied File:>>> C:\Users\satis\OneDrive\Desktop\Python\Assignment\Python_Programming_Assignment_10\CopiedFiles\program164.c
Copied File:>>> C:\Users\satis\OneDrive\Desktop\Python\Assignment\Python_Programming_Assignment_10\CopiedFiles\Text.txt
______________________________________________________________________
Time required to copy files : 0.036123037338256836

