______________________________________________________________________
Log file created at : Mon Jul 22 21:11:34 2024
______________________________________________________________________
C:\Users\satis\OneDrive\Desktop\Python\Assignment\Python_Programming_Assignment_10\Copied_Files_Ext\duplicate.c
C:\Users\satis\OneDrive\Desktop\Python\Assignment\Python_Programming_Assignment_10\Copied_Files_Ext\program161.c
C:\Users\satis\OneDrive\Desktop\Python\Assignment\Python_Programming_Assignment_10\Copied_Files_Ext\program162.c
C:\Users\satis\OneDrive\Desktop\Python\Assignment\Python_Programming_Assignment_10\Copied_Files_Ext\program163.c
C:\Users\satis\OneDrive\Desktop\Python\Assignment\Python_Programming_Assignment_10\Copied_Files_Ext\program164.c
______________________________________________________________________
Time required to copy files : 0.06452393531799316

______________________________________________________________________
Log file created at : Mon Jul 22 21:12:21 2024
______________________________________________________________________
C:\Users\satis\OneDrive\Desktop\Python\Assignment\Python_Programming_Assignment_10\Copied_Files_Ext\CloseFile.py
C:\Users\satis\OneDrive\Desktop\Python\Assignment\Python_Programming_Assignment_10\Copied_Files_Ext\CreateFile.py
C:\Users\satis\OneDrive\Desktop\Python\Assignment\Python_Programming_Assignment_10\Copied_Files_Ext\CreateFileX.py
C:\Users\satis\OneDrive\Desktop\Python\Assignment\Python_Programming_Assignment_10\Copied_Files_Ext\DeleteFile.py
______________________________________________________________________
Time required to copy files : 0.053820133209228516

______________________________________________________________________
Log file created at : Mon Jul 22 21:12:30 2024
______________________________________________________________________
C:\Users\satis\OneDrive\Desktop\Python\Assignment\Python_Programming_Assignment_10\Copied_Files_Ext\Copy.txt
C:\Users\satis\OneDrive\Desktop\Python\Assignment\Python_Programming_Assignment_10\Copied_Files_Ext\Demo.txt
C:\Users\satis\OneDrive\Desktop\Python\Assignment\Python_Programming_Assignment_10\Copied_Files_Ext\Demo1.txt
C:\Users\satis\OneDrive\Desktop\Python\Assignment\Python_Programming_Assignment_10\Copied_Files_Ext\Text.txt
______________________________________________________________________
Time required to copy files : 0.04951643943786621

______________________________________________________________________
Log file created at : Mon Jul 22 21:22:33 2024
______________________________________________________________________
C:\Users\satis\OneDrive\Desktop\Python\Assignment\Python_Programming_Assignment_10\Copied_Files_Ext\Copy.txt
C:\Users\satis\OneDrive\Desktop\Python\Assignment\Python_Programming_Assignment_10\Copied_Files_Ext\Demo.txt
C:\Users\satis\OneDrive\Desktop\Python\Assignment\Python_Programming_Assignment_10\Copied_Files_Ext\Demo1.txt
C:\Users\satis\OneDrive\Desktop\Python\Assignment\Python_Programming_Assignment_10\Copied_Files_Ext\Text.txt
______________________________________________________________________
______________________________________________________________________
Log file created at : Mon Jul 22 21:22:51 2024
______________________________________________________________________
C:\Users\satis\OneDrive\Desktop\Python\Assignment\Python_Programming_Assignment_10\Copied_Files_Ext\Copy.txt
C:\Users\satis\OneDrive\Desktop\Python\Assignment\Python_Programming_Assignment_10\Copied_Files_Ext\Demo.txt
C:\Users\satis\OneDrive\Desktop\Python\Assignment\Python_Programming_Assignment_10\Copied_Files_Ext\Demo1.txt
C:\Users\satis\OneDrive\Desktop\Python\Assignment\Python_Programming_Assignment_10\Copied_Files_Ext\Text.txt
______________________________________________________________________
Time required to copy files : 0.007192850112915039

