----------------------------------------------------------------------
Assignment10_1 output logfile : 
Log file created at : Tue Jun 11 22:11:36 2024
----------------------------------------------------------------------
CloseFile.py
CreateFile.py
CreateFileX.py
DeleteFile.py
----------------------------------------------------------------------
Time required to execute the script is : 0.008378744125366211

----------------------------------------------------------------------
Assignment10_1 output logfile : 
Log file created at : Tue Jun 11 22:11:46 2024
----------------------------------------------------------------------
Copy.txt
Demo.txt
Demo1.txt
Text.txt
----------------------------------------------------------------------
Time required to execute the script is : 0.001435995101928711

----------------------------------------------------------------------
Assignment10_1 output logfile : 
Log file created at : Tue Jun 11 22:12:15 2024
----------------------------------------------------------------------
duplicate.c
program161.c
program162.c
program163.c
program164.c
----------------------------------------------------------------------
Time required to execute the script is : 0.0

