######################################################################
______________________________________________________________________
Log file created at : Wed Aug  7 11:47:15 2024
______________________________________________________________________
Checksum of the files : 
Name : Checksum 
______________________________________________________________________
######################################################################
______________________________________________________________________
Log file created at : Wed Aug  7 15:00:32 2024
______________________________________________________________________
Duplicate Files: 
______________________________________________________________________
######################################################################
______________________________________________________________________
Log file created at : Wed Aug  7 15:01:06 2024
______________________________________________________________________
Duplicate Files: 
17a407b378ea964c9abeb4e504c9a685
fc501a155abfc83de52af921d2c877f3
db6f9c26b8e6dc55509b5da74c433230
d8c0cb89f5fbd5daa3a6844e36316eef
83284e8d00e2e4455c5b0060dfd960a6
7591b0733f5b1e3ff731e24561863758
e2cedc014f44219d33369a52bd965853
38bc92405c17ba12fda1f5ce3124c4f6
9cb00a44e52e0390d24fb241c6900eb8
0315b2dfbda782c7b8d74acee214b169
c7d95d3ce8fa600d53ef78fe1800cb32
______________________________________________________________________
######################################################################
______________________________________________________________________
Log file created at : Wed Aug  7 15:17:05 2024
______________________________________________________________________
Duplicate Files: 
17a407b378ea964c9abeb4e504c9a685
fc501a155abfc83de52af921d2c877f3
db6f9c26b8e6dc55509b5da74c433230
d8c0cb89f5fbd5daa3a6844e36316eef
83284e8d00e2e4455c5b0060dfd960a6
7591b0733f5b1e3ff731e24561863758
e2cedc014f44219d33369a52bd965853
38bc92405c17ba12fda1f5ce3124c4f6
9cb00a44e52e0390d24fb241c6900eb8
0315b2dfbda782c7b8d74acee214b169
c7d95d3ce8fa600d53ef78fe1800cb32
______________________________________________________________________
######################################################################
______________________________________________________________________
Log file created at : Wed Aug  7 15:18:41 2024
______________________________________________________________________
Duplicate Files: 
17a407b378ea964c9abeb4e504c9a685
fc501a155abfc83de52af921d2c877f3
db6f9c26b8e6dc55509b5da74c433230
d8c0cb89f5fbd5daa3a6844e36316eef
83284e8d00e2e4455c5b0060dfd960a6
7591b0733f5b1e3ff731e24561863758
e2cedc014f44219d33369a52bd965853
38bc92405c17ba12fda1f5ce3124c4f6
9cb00a44e52e0390d24fb241c6900eb8
0315b2dfbda782c7b8d74acee214b169
c7d95d3ce8fa600d53ef78fe1800cb32
______________________________________________________________________
######################################################################
______________________________________________________________________
Log file created at : Wed Aug  7 15:21:05 2024
______________________________________________________________________
Duplicate Files: 
17a407b378ea964c9abeb4e504c9a685
fc501a155abfc83de52af921d2c877f3
db6f9c26b8e6dc55509b5da74c433230
d8c0cb89f5fbd5daa3a6844e36316eef
83284e8d00e2e4455c5b0060dfd960a6
7591b0733f5b1e3ff731e24561863758
e2cedc014f44219d33369a52bd965853
38bc92405c17ba12fda1f5ce3124c4f6
9cb00a44e52e0390d24fb241c6900eb8
0315b2dfbda782c7b8d74acee214b169
c7d95d3ce8fa600d53ef78fe1800cb32
______________________________________________________________________
Deleted files : 
C:\Users\satis\OneDrive\Desktop\Python\Assignment\Python_Programming_Assignment_11\Demo1\CloseFile.py
C:\Users\satis\OneDrive\Desktop\Python\Assignment\Python_Programming_Assignment_11\Demo1\Copy.txt
C:\Users\satis\OneDrive\Desktop\Python\Assignment\Python_Programming_Assignment_11\Demo1\Demo - Copy.txt
C:\Users\satis\OneDrive\Desktop\Python\Assignment\Python_Programming_Assignment_11\Demo1\Demo.txt
C:\Users\satis\OneDrive\Desktop\Python\Assignment\Python_Programming_Assignment_11\Demo1\CreateFile.py
C:\Users\satis\OneDrive\Desktop\Python\Assignment\Python_Programming_Assignment_11\Demo1\CreateFileX.py
C:\Users\satis\OneDrive\Desktop\Python\Assignment\Python_Programming_Assignment_11\Demo1\DeleteFile.py
C:\Users\satis\OneDrive\Desktop\Python\Assignment\Python_Programming_Assignment_11\Demo1\Demo1.txt
C:\Users\satis\OneDrive\Desktop\Python\Assignment\Python_Programming_Assignment_11\Demo1\duplicate.c
C:\Users\satis\OneDrive\Desktop\Python\Assignment\Python_Programming_Assignment_11\Demo1\program164 - Copy.c
C:\Users\satis\OneDrive\Desktop\Python\Assignment\Python_Programming_Assignment_11\Demo1\program164.c
C:\Users\satis\OneDrive\Desktop\Python\Assignment\Python_Programming_Assignment_11\Demo1\program161.c
C:\Users\satis\OneDrive\Desktop\Python\Assignment\Python_Programming_Assignment_11\Demo1\program162.c
C:\Users\satis\OneDrive\Desktop\Python\Assignment\Python_Programming_Assignment_11\Demo1\program163.c
C:\Users\satis\OneDrive\Desktop\Python\Assignment\Python_Programming_Assignment_11\Demo1\Text.txt
______________________________________________________________________
######################################################################
______________________________________________________________________
Log file created at : Wed Aug  7 15:26:29 2024
______________________________________________________________________
Duplicate Files: 
17a407b378ea964c9abeb4e504c9a685
fc501a155abfc83de52af921d2c877f3
db6f9c26b8e6dc55509b5da74c433230
d8c0cb89f5fbd5daa3a6844e36316eef
83284e8d00e2e4455c5b0060dfd960a6
7591b0733f5b1e3ff731e24561863758
e2cedc014f44219d33369a52bd965853
38bc92405c17ba12fda1f5ce3124c4f6
9cb00a44e52e0390d24fb241c6900eb8
0315b2dfbda782c7b8d74acee214b169
c7d95d3ce8fa600d53ef78fe1800cb32
______________________________________________________________________
Deleted Duplicate Files : 
C:\Users\satis\OneDrive\Desktop\Python\Assignment\Python_Programming_Assignment_11\Demo1\CloseFile.py
C:\Users\satis\OneDrive\Desktop\Python\Assignment\Python_Programming_Assignment_11\Demo1\Copy.txt
C:\Users\satis\OneDrive\Desktop\Python\Assignment\Python_Programming_Assignment_11\Demo1\Demo - Copy.txt
C:\Users\satis\OneDrive\Desktop\Python\Assignment\Python_Programming_Assignment_11\Demo1\Demo.txt
C:\Users\satis\OneDrive\Desktop\Python\Assignment\Python_Programming_Assignment_11\Demo1\CreateFile.py
C:\Users\satis\OneDrive\Desktop\Python\Assignment\Python_Programming_Assignment_11\Demo1\CreateFileX.py
C:\Users\satis\OneDrive\Desktop\Python\Assignment\Python_Programming_Assignment_11\Demo1\DeleteFile.py
C:\Users\satis\OneDrive\Desktop\Python\Assignment\Python_Programming_Assignment_11\Demo1\Demo1.txt
C:\Users\satis\OneDrive\Desktop\Python\Assignment\Python_Programming_Assignment_11\Demo1\duplicate.c
C:\Users\satis\OneDrive\Desktop\Python\Assignment\Python_Programming_Assignment_11\Demo1\program164 - Copy.c
C:\Users\satis\OneDrive\Desktop\Python\Assignment\Python_Programming_Assignment_11\Demo1\program164.c
C:\Users\satis\OneDrive\Desktop\Python\Assignment\Python_Programming_Assignment_11\Demo1\program161.c
C:\Users\satis\OneDrive\Desktop\Python\Assignment\Python_Programming_Assignment_11\Demo1\program162.c
C:\Users\satis\OneDrive\Desktop\Python\Assignment\Python_Programming_Assignment_11\Demo1\program163.c
C:\Users\satis\OneDrive\Desktop\Python\Assignment\Python_Programming_Assignment_11\Demo1\Text.txt
______________________________________________________________________
######################################################################
______________________________________________________________________
Log file created at : Wed Aug  7 15:27:12 2024
______________________________________________________________________
Duplicate Files: 
17a407b378ea964c9abeb4e504c9a685
fc501a155abfc83de52af921d2c877f3
db6f9c26b8e6dc55509b5da74c433230
d8c0cb89f5fbd5daa3a6844e36316eef
83284e8d00e2e4455c5b0060dfd960a6
7591b0733f5b1e3ff731e24561863758
e2cedc014f44219d33369a52bd965853
38bc92405c17ba12fda1f5ce3124c4f6
9cb00a44e52e0390d24fb241c6900eb8
0315b2dfbda782c7b8d74acee214b169
c7d95d3ce8fa600d53ef78fe1800cb32
______________________________________________________________________
Deleted Duplicate Files : 
######################################################################
______________________________________________________________________
Log file created at : Wed Aug  7 15:27:59 2024
______________________________________________________________________
Duplicate Files: 
17a407b378ea964c9abeb4e504c9a685
fc501a155abfc83de52af921d2c877f3
db6f9c26b8e6dc55509b5da74c433230
d8c0cb89f5fbd5daa3a6844e36316eef
83284e8d00e2e4455c5b0060dfd960a6
7591b0733f5b1e3ff731e24561863758
e2cedc014f44219d33369a52bd965853
38bc92405c17ba12fda1f5ce3124c4f6
9cb00a44e52e0390d24fb241c6900eb8
0315b2dfbda782c7b8d74acee214b169
c7d95d3ce8fa600d53ef78fe1800cb32
______________________________________________________________________
######################################################################
______________________________________________________________________
Log file created at : Wed Aug  7 15:30:40 2024
______________________________________________________________________
######################################################################
______________________________________________________________________
Log file created at : Wed Aug  7 15:31:25 2024
______________________________________________________________________
No Duplicate files found.
######################################################################
______________________________________________________________________
Log file created at : Wed Aug  7 15:31:43 2024
______________________________________________________________________
No Duplicate files found.
