######################################################################
______________________________________________________________________

Log file created at : Sat Jul 27 10:36:50 2024
______________________________________________________________________
Duplicates found
The following files are identical
	CloseFile.py
	Copy.txt
	Demo - Copy.txt
	Demo.txt
	CreateFile.py
	CreateFileX.py
	DeleteFile.py
	Demo1.txt
	duplicate.c
	program164 - Copy.c
	program164.c
	program161.c
	program162.c
	program163.c
	Text.txt
______________________________________________________________________

######################################################################
______________________________________________________________________

Log file created at : Sat Jul 27 10:39:38 2024
______________________________________________________________________
Duplicates found
The following files are identical
	CloseFile.py
	Copy.txt
	Demo - Copy.txt
	Demo.txt
	CreateFile.py
	CreateFileX.py
	DeleteFile.py
	Demo1.txt
	duplicate.c
	program164 - Copy.c
	program164.c
	program161.c
	program162.c
	program163.c
	Text.txt
______________________________________________________________________

_________________________________
######################################################################
______________________________________________________________________
Log file created at : Wed Aug  7 11:46:23 2024
______________________________________________________________________
Checksum of the files : 
Name : Checksum 
17a407b378ea964c9abeb4e504c9a685
fc501a155abfc83de52af921d2c877f3
db6f9c26b8e6dc55509b5da74c433230
d8c0cb89f5fbd5daa3a6844e36316eef
83284e8d00e2e4455c5b0060dfd960a6
7591b0733f5b1e3ff731e24561863758
e2cedc014f44219d33369a52bd965853
38bc92405c17ba12fda1f5ce3124c4f6
9cb00a44e52e0390d24fb241c6900eb8
0315b2dfbda782c7b8d74acee214b169
c7d95d3ce8fa600d53ef78fe1800cb32
______________________________________________________________________
