######################################################################
______________________________________________________________________

Log file created at : Sat Jul 27 11:22:21 2024
______________________________________________________________________
Duplicates found
C:\Users\satis\OneDrive\Desktop\Python\Assignment\Python_Programming_Assignment_11\Demo1\CloseFile - Copy.py
C:\Users\satis\OneDrive\Desktop\Python\Assignment\Python_Programming_Assignment_11\Demo1\CloseFile.py
C:\Users\satis\OneDrive\Desktop\Python\Assignment\Python_Programming_Assignment_11\Demo1\Copy - Copy.txt
C:\Users\satis\OneDrive\Desktop\Python\Assignment\Python_Programming_Assignment_11\Demo1\Copy.txt
C:\Users\satis\OneDrive\Desktop\Python\Assignment\Python_Programming_Assignment_11\Demo1\Demo - Copy.txt
C:\Users\satis\OneDrive\Desktop\Python\Assignment\Python_Programming_Assignment_11\Demo1\Demo.txt
C:\Users\satis\OneDrive\Desktop\Python\Assignment\Python_Programming_Assignment_11\Demo1\CreateFile - Copy.py
C:\Users\satis\OneDrive\Desktop\Python\Assignment\Python_Programming_Assignment_11\Demo1\CreateFile.py
C:\Users\satis\OneDrive\Desktop\Python\Assignment\Python_Programming_Assignment_11\Demo1\CreateFileX - Copy.py
C:\Users\satis\OneDrive\Desktop\Python\Assignment\Python_Programming_Assignment_11\Demo1\CreateFileX.py
C:\Users\satis\OneDrive\Desktop\Python\Assignment\Python_Programming_Assignment_11\Demo1\DeleteFile - Copy.py
C:\Users\satis\OneDrive\Desktop\Python\Assignment\Python_Programming_Assignment_11\Demo1\DeleteFile.py
C:\Users\satis\OneDrive\Desktop\Python\Assignment\Python_Programming_Assignment_11\Demo1\Demo1 - Copy.txt
C:\Users\satis\OneDrive\Desktop\Python\Assignment\Python_Programming_Assignment_11\Demo1\Demo1.txt
C:\Users\satis\OneDrive\Desktop\Python\Assignment\Python_Programming_Assignment_11\Demo1\duplicate - Copy.c
C:\Users\satis\OneDrive\Desktop\Python\Assignment\Python_Programming_Assignment_11\Demo1\duplicate.c
C:\Users\satis\OneDrive\Desktop\Python\Assignment\Python_Programming_Assignment_11\Demo1\program164 - Copy.c
C:\Users\satis\OneDrive\Desktop\Python\Assignment\Python_Programming_Assignment_11\Demo1\program164.c
C:\Users\satis\OneDrive\Desktop\Python\Assignment\Python_Programming_Assignment_11\Demo1\program161 - Copy.c
C:\Users\satis\OneDrive\Desktop\Python\Assignment\Python_Programming_Assignment_11\Demo1\program161.c
C:\Users\satis\OneDrive\Desktop\Python\Assignment\Python_Programming_Assignment_11\Demo1\program162 - Copy.c
C:\Users\satis\OneDrive\Desktop\Python\Assignment\Python_Programming_Assignment_11\Demo1\program162.c
C:\Users\satis\OneDrive\Desktop\Python\Assignment\Python_Programming_Assignment_11\Demo1\program163 - Copy.c
C:\Users\satis\OneDrive\Desktop\Python\Assignment\Python_Programming_Assignment_11\Demo1\program163.c
C:\Users\satis\OneDrive\Desktop\Python\Assignment\Python_Programming_Assignment_11\Demo1\Text - Copy.txt
C:\Users\satis\OneDrive\Desktop\Python\Assignment\Python_Programming_Assignment_11\Demo1\Text.txt
Duplicate Files Removed Successfully
______________________________________________________________________
######################################################################
______________________________________________________________________

Log file created at : Sat Jul 27 11:22:31 2024
______________________________________________________________________
Duplicates found
######################################################################
______________________________________________________________________

Log file created at : Sat Jul 27 11:23:30 2024
______________________________________________________________________
Duplicates found
C:\Users\satis\OneDrive\Desktop\Python\Assignment\Python_Programming_Assignment_11\Demo1\program162 - Copy - Copy.c
C:\Users\satis\OneDrive\Desktop\Python\Assignment\Python_Programming_Assignment_11\Demo1\program162 - Copy.c
C:\Users\satis\OneDrive\Desktop\Python\Assignment\Python_Programming_Assignment_11\Demo1\program163 - Copy - Copy.c
C:\Users\satis\OneDrive\Desktop\Python\Assignment\Python_Programming_Assignment_11\Demo1\program163 - Copy.c
C:\Users\satis\OneDrive\Desktop\Python\Assignment\Python_Programming_Assignment_11\Demo1\Text - Copy - Copy.txt
C:\Users\satis\OneDrive\Desktop\Python\Assignment\Python_Programming_Assignment_11\Demo1\Text - Copy.txt
Duplicate Files Removed Successfully
______________________________________________________________________
######################################################################
______________________________________________________________________

Log file created at : Sat Jul 27 11:29:57 2024
______________________________________________________________________
Duplicates found
