Build started 17-01-2023 13:52:47.
     1>Project "F:\VsC\DSA\CircularLinkedList\createLinkedList\createLinkedList\createLinkedList.vcxproj" on node 2 (Build target(s)).
     1>ClCompile:
         C:\Program Files (x86)\Microsoft Visual Studio 11.0\VC\bin\CL.exe /c /ZI /nologo /W3 /WX- /Od /Oy- /D WIN32 /D _DEBUG /D _CONSOLE /D _UNICODE /D UNICODE /Gm /EHsc /RTC1 /MDd /GS /fp:precise /Zc:wchar_t /Zc:forScope /Fo"Debug\\" /Fd"Debug\vc110.pdb" /Gd /TC /analyze- /errorReport:prompt Source.c
         Source.c
     1>f:\vsc\dsa\circularlinkedlist\createlinkedlist\createlinkedlist\source.c(26): warning C4996: 'scanf': This function or variable may be unsafe. Consider using scanf_s instead. To disable deprecation, use _CRT_SECURE_NO_WARNINGS. See online help for details.
                 c:\program files (x86)\microsoft visual studio 11.0\vc\include\stdio.h(290) : see declaration of 'scanf'
     1>f:\vsc\dsa\circularlinkedlist\createlinkedlist\createlinkedlist\source.c(173): warning C4996: 'scanf': This function or variable may be unsafe. Consider using scanf_s instead. To disable deprecation, use _CRT_SECURE_NO_WARNINGS. See online help for details.
                 c:\program files (x86)\microsoft visual studio 11.0\vc\include\stdio.h(290) : see declaration of 'scanf'
     1>f:\vsc\dsa\circularlinkedlist\createlinkedlist\createlinkedlist\source.c(206): warning C4996: 'getch': The POSIX name for this item is deprecated. Instead, use the ISO C++ conformant name: _getch. See online help for details.
                 c:\program files (x86)\microsoft visual studio 11.0\vc\include\conio.h(131) : see declaration of 'getch'
     1>f:\vsc\dsa\circularlinkedlist\createlinkedlist\createlinkedlist\source.c(165): warning C4101: 'n' : unreferenced local variable
     1>f:\vsc\dsa\circularlinkedlist\createlinkedlist\createlinkedlist\source.c(165): warning C4101: 'pos' : unreferenced local variable
     1>f:\vsc\dsa\circularlinkedlist\createlinkedlist\createlinkedlist\source.c(30): warning C4716: 'createnode' : must return a value
     1>f:\vsc\dsa\circularlinkedlist\createlinkedlist\createlinkedlist\source.c(127): warning C4715: 'countnode' : not all control paths return a value
       Link:
         C:\Program Files (x86)\Microsoft Visual Studio 11.0\VC\bin\link.exe /ERRORREPORT:PROMPT /OUT:"F:\VsC\DSA\CircularLinkedList\createLinkedList\Debug\createLinkedList.exe" /INCREMENTAL /NOLOGO kernel32.lib user32.lib gdi32.lib winspool.lib comdlg32.lib advapi32.lib shell32.lib ole32.lib oleaut32.lib uuid.lib odbc32.lib odbccp32.lib /MANIFEST /MANIFESTUAC:"level='asInvoker' uiAccess='false'" /manifest:embed /DEBUG /PDB:"F:\VsC\DSA\CircularLinkedList\createLinkedList\Debug\createLinkedList.pdb" /SUBSYSTEM:CONSOLE /TLBID:1 /DYNAMICBASE /NXCOMPAT /IMPLIB:"F:\VsC\DSA\CircularLinkedList\createLinkedList\Debug\createLinkedList.lib" /MACHINE:X86 Debug\Source.obj
         createLinkedList.vcxproj -> F:\VsC\DSA\CircularLinkedList\createLinkedList\Debug\createLinkedList.exe
     1>Done Building Project "F:\VsC\DSA\CircularLinkedList\createLinkedList\createLinkedList\createLinkedList.vcxproj" (Build target(s)).

Build succeeded.

Time Elapsed 00:00:02.14
