Build started 11-01-2023 17:05:16.
     1>Project "F:\VsC\DSA\sorting&searching\Sorting\bubbleSort\bubbleSort.vcxproj" on node 2 (Build target(s)).
     1>ClCompile:
         C:\Program Files (x86)\Microsoft Visual Studio 11.0\VC\bin\CL.exe /c /ZI /nologo /W3 /WX- /Od /Oy- /D WIN32 /D _DEBUG /D _CONSOLE /D _UNICODE /D UNICODE /Gm /EHsc /RTC1 /MDd /GS /fp:precise /Zc:wchar_t /Zc:forScope /Fo"Debug\\" /Fd"Debug\vc110.pdb" /Gd /TC /analyze- /errorReport:prompt Source.c
         Source.c
     1>f:\vsc\dsa\sorting&searching\sorting\bubblesort\source.c(75): warning C4101: 'i' : unreferenced local variable
     1>f:\vsc\dsa\sorting&searching\sorting\bubblesort\source.c(219): warning C4996: 'scanf': This function or variable may be unsafe. Consider using scanf_s instead. To disable deprecation, use _CRT_SECURE_NO_WARNINGS. See online help for details.
                 c:\program files (x86)\microsoft visual studio 11.0\vc\include\stdio.h(290) : see declaration of 'scanf'
     1>f:\vsc\dsa\sorting&searching\sorting\bubblesort\source.c(224): warning C4996: 'scanf': This function or variable may be unsafe. Consider using scanf_s instead. To disable deprecation, use _CRT_SECURE_NO_WARNINGS. See online help for details.
                 c:\program files (x86)\microsoft visual studio 11.0\vc\include\stdio.h(290) : see declaration of 'scanf'
     1>f:\vsc\dsa\sorting&searching\sorting\bubblesort\source.c(217): warning C4101: 'temp' : unreferenced local variable
     1>f:\vsc\dsa\sorting&searching\sorting\bubblesort\source.c(217): warning C4101: 'j' : unreferenced local variable
     1>f:\vsc\dsa\sorting&searching\sorting\bubblesort\source.c(247): warning C4996: 'scanf': This function or variable may be unsafe. Consider using scanf_s instead. To disable deprecation, use _CRT_SECURE_NO_WARNINGS. See online help for details.
                 c:\program files (x86)\microsoft visual studio 11.0\vc\include\stdio.h(290) : see declaration of 'scanf'
     1>f:\vsc\dsa\sorting&searching\sorting\bubblesort\source.c(274): warning C4996: 'scanf': This function or variable may be unsafe. Consider using scanf_s instead. To disable deprecation, use _CRT_SECURE_NO_WARNINGS. See online help for details.
                 c:\program files (x86)\microsoft visual studio 11.0\vc\include\stdio.h(290) : see declaration of 'scanf'
     1>f:\vsc\dsa\sorting&searching\sorting\bubblesort\source.c(281): warning C4996: 'scanf': This function or variable may be unsafe. Consider using scanf_s instead. To disable deprecation, use _CRT_SECURE_NO_WARNINGS. See online help for details.
                 c:\program files (x86)\microsoft visual studio 11.0\vc\include\stdio.h(290) : see declaration of 'scanf'
     1>f:\vsc\dsa\sorting&searching\sorting\bubblesort\source.c(286): warning C4550: expression evaluates to a function which is missing an argument list
     1>f:\vsc\dsa\sorting&searching\sorting\bubblesort\source.c(292): warning C4996: 'getch': The POSIX name for this item is deprecated. Instead, use the ISO C++ conformant name: _getch. See online help for details.
                 c:\program files (x86)\microsoft visual studio 11.0\vc\include\conio.h(131) : see declaration of 'getch'
     1>f:\vsc\dsa\sorting&searching\sorting\bubblesort\source.c(193): warning C4715: 'binary_search' : not all control paths return a value
       Link:
         C:\Program Files (x86)\Microsoft Visual Studio 11.0\VC\bin\link.exe /ERRORREPORT:PROMPT /OUT:"F:\VsC\DSA\sorting&searching\Sorting\Debug\Sorting.exe" /INCREMENTAL /NOLOGO kernel32.lib user32.lib gdi32.lib winspool.lib comdlg32.lib advapi32.lib shell32.lib ole32.lib oleaut32.lib uuid.lib odbc32.lib odbccp32.lib /MANIFEST /MANIFESTUAC:"level='asInvoker' uiAccess='false'" /manifest:embed /DEBUG /PDB:"F:\VsC\DSA\sorting&searching\Sorting\Debug\Sorting.pdb" /SUBSYSTEM:CONSOLE /TLBID:1 /DYNAMICBASE /NXCOMPAT /IMPLIB:"F:\VsC\DSA\sorting&searching\Sorting\Debug\Sorting.lib" /MACHINE:X86 Debug\Source.obj
         bubbleSort.vcxproj -> F:\VsC\DSA\sorting&searching\Sorting\Debug\Sorting.exe
     1>Done Building Project "F:\VsC\DSA\sorting&searching\Sorting\bubbleSort\bubbleSort.vcxproj" (Build target(s)).

Build succeeded.

Time Elapsed 00:00:02.75
