______________________________________________________________________
______________________________________________________________________
Log file created at : Fri Jul 26 10:55:41 2024
______________________________________________________________________
CloseFile.py : 17a407b378ea964c9abeb4e504c9a685
Copy.txt : fc501a155abfc83de52af921d2c877f3
CreateFile.py : db6f9c26b8e6dc55509b5da74c433230
CreateFileX.py : d8c0cb89f5fbd5daa3a6844e36316eef
DeleteFile.py : 83284e8d00e2e4455c5b0060dfd960a6
Demo.txt : fc501a155abfc83de52af921d2c877f3
Demo1.txt : 7591b0733f5b1e3ff731e24561863758
duplicate.c : e2cedc014f44219d33369a52bd965853
program161.c : 38bc92405c17ba12fda1f5ce3124c4f6
program162.c : 9cb00a44e52e0390d24fb241c6900eb8
program163.c : 0315b2dfbda782c7b8d74acee214b169
program164.c : e2cedc014f44219d33369a52bd965853
Text.txt : c7d95d3ce8fa600d53ef78fe1800cb32
______________________________________________________________________
Time required to find checksum of all files : 0.007993698120117188

______________________________________________________________________
______________________________________________________________________
Log file created at : Fri Jul 26 10:56:07 2024
______________________________________________________________________
CloseFile.py : 17a407b378ea964c9abeb4e504c9a685
Copy.txt : fc501a155abfc83de52af921d2c877f3
CreateFile.py : db6f9c26b8e6dc55509b5da74c433230
CreateFileX.py : d8c0cb89f5fbd5daa3a6844e36316eef
DeleteFile.py : 83284e8d00e2e4455c5b0060dfd960a6
Demo.txt : fc501a155abfc83de52af921d2c877f3
Demo1.txt : 7591b0733f5b1e3ff731e24561863758
duplicate.c : e2cedc014f44219d33369a52bd965853
program161.c : 38bc92405c17ba12fda1f5ce3124c4f6
program162.c : 9cb00a44e52e0390d24fb241c6900eb8
program163.c : 0315b2dfbda782c7b8d74acee214b169
program164.c : e2cedc014f44219d33369a52bd965853
Text.txt : c7d95d3ce8fa600d53ef78fe1800cb32
______________________________________________________________________
Time required to find checksum of all files : 0.009373903274536133

######################################################################
______________________________________________________________________
Log file created at : Fri Jul 26 10:58:00 2024
______________________________________________________________________
CloseFile.py : 17a407b378ea964c9abeb4e504c9a685
Copy.txt : fc501a155abfc83de52af921d2c877f3
CreateFile.py : db6f9c26b8e6dc55509b5da74c433230
CreateFileX.py : d8c0cb89f5fbd5daa3a6844e36316eef
DeleteFile.py : 83284e8d00e2e4455c5b0060dfd960a6
Demo.txt : fc501a155abfc83de52af921d2c877f3
Demo1.txt : 7591b0733f5b1e3ff731e24561863758
duplicate.c : e2cedc014f44219d33369a52bd965853
program161.c : 38bc92405c17ba12fda1f5ce3124c4f6
program162.c : 9cb00a44e52e0390d24fb241c6900eb8
program163.c : 0315b2dfbda782c7b8d74acee214b169
program164.c : e2cedc014f44219d33369a52bd965853
Text.txt : c7d95d3ce8fa600d53ef78fe1800cb32
______________________________________________________________________
Time required to find checksum of all files : 0.007997989654541016

######################################################################
______________________________________________________________________
Log file created at : Fri Jul 26 10:58:37 2024
______________________________________________________________________
Checksum of the files : 
CloseFile.py : 17a407b378ea964c9abeb4e504c9a685
Copy.txt : fc501a155abfc83de52af921d2c877f3
CreateFile.py : db6f9c26b8e6dc55509b5da74c433230
CreateFileX.py : d8c0cb89f5fbd5daa3a6844e36316eef
DeleteFile.py : 83284e8d00e2e4455c5b0060dfd960a6
Demo.txt : fc501a155abfc83de52af921d2c877f3
Demo1.txt : 7591b0733f5b1e3ff731e24561863758
duplicate.c : e2cedc014f44219d33369a52bd965853
program161.c : 38bc92405c17ba12fda1f5ce3124c4f6
program162.c : 9cb00a44e52e0390d24fb241c6900eb8
program163.c : 0315b2dfbda782c7b8d74acee214b169
program164.c : e2cedc014f44219d33369a52bd965853
Text.txt : c7d95d3ce8fa600d53ef78fe1800cb32
______________________________________________________________________
Time required to find checksum of all files : 0.00800180435180664

######################################################################
______________________________________________________________________
Log file created at : Fri Jul 26 10:59:25 2024
______________________________________________________________________
Checksum of the files : 
Name : Checksum 
CloseFile.py : 17a407b378ea964c9abeb4e504c9a685
Copy.txt : fc501a155abfc83de52af921d2c877f3
CreateFile.py : db6f9c26b8e6dc55509b5da74c433230
CreateFileX.py : d8c0cb89f5fbd5daa3a6844e36316eef
DeleteFile.py : 83284e8d00e2e4455c5b0060dfd960a6
Demo.txt : fc501a155abfc83de52af921d2c877f3
Demo1.txt : 7591b0733f5b1e3ff731e24561863758
duplicate.c : e2cedc014f44219d33369a52bd965853
program161.c : 38bc92405c17ba12fda1f5ce3124c4f6
program162.c : 9cb00a44e52e0390d24fb241c6900eb8
program163.c : 0315b2dfbda782c7b8d74acee214b169
program164.c : e2cedc014f44219d33369a52bd965853
Text.txt : c7d95d3ce8fa600d53ef78fe1800cb32
______________________________________________________________________
Time required to find checksum of all files : 0.008314132690429688

