Build started 18-01-2023 12:07:34.
     1>Project "F:\VsC\DSA\DlinkedList\studentDlinkedList\studentDataDlinkedList\studentDataDlinkedList\studentDataDlinkedList.vcxproj" on node 2 (Build target(s)).
     1>ClCompile:
         C:\Program Files (x86)\Microsoft Visual Studio 11.0\VC\bin\CL.exe /c /ZI /nologo /W3 /WX- /Od /Oy- /D WIN32 /D _DEBUG /D _CONSOLE /D _UNICODE /D UNICODE /Gm /EHsc /RTC1 /MDd /GS /fp:precise /Zc:wchar_t /Zc:forScope /Fo"Debug\\" /Fd"Debug\vc110.pdb" /Gd /TC /analyze- /errorReport:prompt Source.c
         Source.c
     1>f:\vsc\dsa\dlinkedlist\studentdlinkedlist\studentdatadlinkedlist\studentdatadlinkedlist\source.c(39): warning C4996: 'scanf': This function or variable may be unsafe. Consider using scanf_s instead. To disable deprecation, use _CRT_SECURE_NO_WARNINGS. See online help for details.
                 c:\program files (x86)\microsoft visual studio 11.0\vc\include\stdio.h(290) : see declaration of 'scanf'
     1>f:\vsc\dsa\dlinkedlist\studentdlinkedlist\studentdatadlinkedlist\studentdatadlinkedlist\source.c(42): warning C4996: 'scanf': This function or variable may be unsafe. Consider using scanf_s instead. To disable deprecation, use _CRT_SECURE_NO_WARNINGS. See online help for details.
                 c:\program files (x86)\microsoft visual studio 11.0\vc\include\stdio.h(290) : see declaration of 'scanf'
     1>f:\vsc\dsa\dlinkedlist\studentdlinkedlist\studentdatadlinkedlist\studentdatadlinkedlist\source.c(49): warning C4996: 'scanf': This function or variable may be unsafe. Consider using scanf_s instead. To disable deprecation, use _CRT_SECURE_NO_WARNINGS. See online help for details.
                 c:\program files (x86)\microsoft visual studio 11.0\vc\include\stdio.h(290) : see declaration of 'scanf'
     1>f:\vsc\dsa\dlinkedlist\studentdlinkedlist\studentdatadlinkedlist\studentdatadlinkedlist\source.c(282): warning C4996: 'scanf': This function or variable may be unsafe. Consider using scanf_s instead. To disable deprecation, use _CRT_SECURE_NO_WARNINGS. See online help for details.
                 c:\program files (x86)\microsoft visual studio 11.0\vc\include\stdio.h(290) : see declaration of 'scanf'
     1>f:\vsc\dsa\dlinkedlist\studentdlinkedlist\studentdatadlinkedlist\studentdatadlinkedlist\source.c(298): warning C4996: 'scanf': This function or variable may be unsafe. Consider using scanf_s instead. To disable deprecation, use _CRT_SECURE_NO_WARNINGS. See online help for details.
                 c:\program files (x86)\microsoft visual studio 11.0\vc\include\stdio.h(290) : see declaration of 'scanf'
     1>f:\vsc\dsa\dlinkedlist\studentdlinkedlist\studentdatadlinkedlist\studentdatadlinkedlist\source.c(306): warning C4996: 'scanf': This function or variable may be unsafe. Consider using scanf_s instead. To disable deprecation, use _CRT_SECURE_NO_WARNINGS. See online help for details.
                 c:\program files (x86)\microsoft visual studio 11.0\vc\include\stdio.h(290) : see declaration of 'scanf'
     1>f:\vsc\dsa\dlinkedlist\studentdlinkedlist\studentdatadlinkedlist\studentdatadlinkedlist\source.c(310): warning C4996: 'scanf': This function or variable may be unsafe. Consider using scanf_s instead. To disable deprecation, use _CRT_SECURE_NO_WARNINGS. See online help for details.
                 c:\program files (x86)\microsoft visual studio 11.0\vc\include\stdio.h(290) : see declaration of 'scanf'
     1>f:\vsc\dsa\dlinkedlist\studentdlinkedlist\studentdatadlinkedlist\studentdatadlinkedlist\source.c(323): warning C4996: 'getch': The POSIX name for this item is deprecated. Instead, use the ISO C++ conformant name: _getch. See online help for details.
                 c:\program files (x86)\microsoft visual studio 11.0\vc\include\conio.h(131) : see declaration of 'getch'
     1>f:\vsc\dsa\dlinkedlist\studentdlinkedlist\studentdatadlinkedlist\studentdatadlinkedlist\source.c(100): warning C4716: 'countnode' : must return a value
     1>f:\vsc\dsa\dlinkedlist\studentdlinkedlist\studentdatadlinkedlist\studentdatadlinkedlist\source.c(54): warning C4716: 'createnode' : must return a value
       Link:
         C:\Program Files (x86)\Microsoft Visual Studio 11.0\VC\bin\link.exe /ERRORREPORT:PROMPT /OUT:"F:\VsC\DSA\DlinkedList\studentDlinkedList\studentDataDlinkedList\Debug\studentDataDlinkedList.exe" /INCREMENTAL /NOLOGO kernel32.lib user32.lib gdi32.lib winspool.lib comdlg32.lib advapi32.lib shell32.lib ole32.lib oleaut32.lib uuid.lib odbc32.lib odbccp32.lib /MANIFEST /MANIFESTUAC:"level='asInvoker' uiAccess='false'" /manifest:embed /DEBUG /PDB:"F:\VsC\DSA\DlinkedList\studentDlinkedList\studentDataDlinkedList\Debug\studentDataDlinkedList.pdb" /SUBSYSTEM:CONSOLE /TLBID:1 /DYNAMICBASE /NXCOMPAT /IMPLIB:"F:\VsC\DSA\DlinkedList\studentDlinkedList\studentDataDlinkedList\Debug\studentDataDlinkedList.lib" /MACHINE:X86 Debug\Source.obj
         studentDataDlinkedList.vcxproj -> F:\VsC\DSA\DlinkedList\studentDlinkedList\studentDataDlinkedList\Debug\studentDataDlinkedList.exe
     1>Done Building Project "F:\VsC\DSA\DlinkedList\studentDlinkedList\studentDataDlinkedList\studentDataDlinkedList\studentDataDlinkedList.vcxproj" (Build target(s)).

Build succeeded.

Time Elapsed 00:00:02.40
