----------------------------------------------------------------------
Marvellous Process Log
Log file create at : Wed Aug 14 12:54:28 2024
----------------------------------------------------------------------
{'name': 'System Idle Process', 'pid': 0, 'username': 'NT AUTHORITY\\SYSTEM'} 
{'name': 'System', 'pid': 4, 'username': 'NT AUTHORITY\\SYSTEM'} 
{'name': 'HPPrintScanDoctorService.exe', 'pid': 68, 'username': None} 
{'name': '', 'pid': 108, 'username': None} 
{'name': 'Registry', 'pid': 144, 'username': None} 
{'name': 'services.exe', 'pid': 348, 'username': None} 
{'name': 'LsaIso.exe', 'pid': 528, 'username': None} 
{'name': 'smss.exe', 'pid': 572, 'username': None} 
{'name': 'lsass.exe', 'pid': 600, 'username': None} 
{'name': 'csrss.exe', 'pid': 868, 'username': None} 
{'name': 'wininit.exe', 'pid': 952, 'username': None} 
{'name': 'csrss.exe', 'pid': 972, 'username': None} 
{'name': 'winlogon.exe', 'pid': 1124, 'username': None} 
{'name': 'svchost.exe', 'pid': 1132, 'username': None} 
{'name': 'spoolsv.exe', 'pid': 1168, 'username': None} 
{'name': 'fontdrvhost.exe', 'pid': 1192, 'username': None} 
{'name': 'fontdrvhost.exe', 'pid': 1240, 'username': None} 
{'name': 'WUDFHost.exe', 'pid': 1248, 'username': None} 
{'name': 'svchost.exe', 'pid': 1268, 'username': None} 
{'name': 'dwm.exe', 'pid': 1336, 'username': None} 
{'name': 'svchost.exe', 'pid': 1344, 'username': None} 
{'name': 'svchost.exe', 'pid': 1388, 'username': None} 
{'name': 'svchost.exe', 'pid': 1476, 'username': None} 
{'name': 'svchost.exe', 'pid': 1544, 'username': None} 
{'name': 'svchost.exe', 'pid': 1552, 'username': None} 
{'name': 'svchost.exe', 'pid': 1564, 'username': None} 
{'name': 'msedgewebview2.exe', 'pid': 1596, 'username': 'SATISH\\Satish'} 
{'name': 'conhost.exe', 'pid': 1608, 'username': 'SATISH\\Satish'} 
{'name': 'IntelCpHDCPSvc.exe', 'pid': 1652, 'username': None} 
{'name': 'svchost.exe', 'pid': 1660, 'username': None} 
{'name': 'svchost.exe', 'pid': 1672, 'username': None} 
{'name': 'svchost.exe', 'pid': 1728, 'username': None} 
{'name': 'svchost.exe', 'pid': 1736, 'username': None} 
{'name': 'IntelCpHeciSvc.exe', 'pid': 1868, 'username': None} 
{'name': 'svchost.exe', 'pid': 1904, 'username': None} 
{'name': 'ApplicationFrameHost.exe', 'pid': 1944, 'username': 'SATISH\\Satish'} 
{'name': 'igfxCUIService.exe', 'pid': 2028, 'username': None} 
{'name': 'svchost.exe', 'pid': 2116, 'username': None} 
{'name': 'Code.exe', 'pid': 2152, 'username': 'SATISH\\Satish'} 
{'name': 'svchost.exe', 'pid': 2208, 'username': None} 
{'name': 'svchost.exe', 'pid': 2312, 'username': None} 
{'name': 'svchost.exe', 'pid': 2400, 'username': None} 
{'name': 'svchost.exe', 'pid': 2440, 'username': None} 
{'name': 'svchost.exe', 'pid': 2448, 'username': None} 
{'name': 'svchost.exe', 'pid': 2456, 'username': None} 
{'name': 'powershell.exe', 'pid': 2480, 'username': 'SATISH\\Satish'} 
{'name': 'GALAXY.exe', 'pid': 2532, 'username': 'SATISH\\Satish'} 
{'name': 'svchost.exe', 'pid': 2616, 'username': None} 
{'name': 'svchost.exe', 'pid': 2624, 'username': None} 
{'name': 'MemCompression', 'pid': 2668, 'username': None} 
{'name': 'chrome.exe', 'pid': 2676, 'username': 'SATISH\\Satish'} 
{'name': 'AppHelperCap.exe', 'pid': 2712, 'username': None} 
{'name': 'DiagsCap.exe', 'pid': 2720, 'username': None} 
{'name': 'TouchpointAnalyticsClientService.exe', 'pid': 2728, 'username': None} 
{'name': 'NetworkCap.exe', 'pid': 2744, 'username': None} 
{'name': 'SysInfoCap.exe', 'pid': 2752, 'username': None} 
{'name': 'svchost.exe', 'pid': 2844, 'username': None} 
{'name': 'svchost.exe', 'pid': 2868, 'username': 'SATISH\\Satish'} 
{'name': 'Code.exe', 'pid': 2936, 'username': 'SATISH\\Satish'} 
{'name': 'svchost.exe', 'pid': 2956, 'username': None} 
{'name': 'svchost.exe', 'pid': 3060, 'username': None} 
{'name': 'svchost.exe', 'pid': 3100, 'username': None} 
{'name': 'svchost.exe', 'pid': 3112, 'username': None} 
{'name': 'svchost.exe', 'pid': 3228, 'username': None} 
{'name': 'svchost.exe', 'pid': 3284, 'username': None} 
{'name': 'svchost.exe', 'pid': 3380, 'username': None} 
{'name': 'svchost.exe', 'pid': 3392, 'username': None} 
{'name': 'WUDFHost.exe', 'pid': 3528, 'username': None} 
{'name': 'explorer.exe', 'pid': 3660, 'username': 'SATISH\\Satish'} 
{'name': 'unsecapp.exe', 'pid': 3740, 'username': None} 
{'name': 'igfxEM.exe', 'pid': 3800, 'username': 'SATISH\\Satish'} 
{'name': 'taskhostw.exe', 'pid': 3808, 'username': 'SATISH\\Satish'} 
{'name': 'WmiPrvSE.exe', 'pid': 3832, 'username': None} 
{'name': 'svchost.exe', 'pid': 3932, 'username': None} 
{'name': 'svchost.exe', 'pid': 3984, 'username': None} 
{'name': 'svchost.exe', 'pid': 4040, 'username': None} 
{'name': 'svchost.exe', 'pid': 4048, 'username': None} 
{'name': 'svchost.exe', 'pid': 4056, 'username': None} 
{'name': 'svchost.exe', 'pid': 4152, 'username': None} 
{'name': 'svchost.exe', 'pid': 4176, 'username': None} 
{'name': 'svchost.exe', 'pid': 4336, 'username': None} 
{'name': 'OfficeClickToRun.exe', 'pid': 4368, 'username': None} 
{'name': 'svchost.exe', 'pid': 4376, 'username': None} 
{'name': 'LocationNotificationWindows.exe', 'pid': 4468, 'username': 'SATISH\\Satish'} 
{'name': 'WINWORD.EXE', 'pid': 4484, 'username': 'SATISH\\Satish'} 
{'name': 'svchost.exe', 'pid': 4488, 'username': None} 
{'name': 'svchost.exe', 'pid': 4496, 'username': None} 
{'name': 'svchost.exe', 'pid': 4508, 'username': None} 
{'name': 'svchost.exe', 'pid': 4516, 'username': None} 
{'name': 'ETDService.exe', 'pid': 4540, 'username': None} 
{'name': 'svchost.exe', 'pid': 4640, 'username': None} 
{'name': 'svchost.exe', 'pid': 4648, 'username': None} 
{'name': 'MpDefenderCoreService.exe', 'pid': 4656, 'username': None} 
{'name': 'snmp.exe', 'pid': 4664, 'username': None} 
{'name': 'SECOMN64.exe', 'pid': 4676, 'username': None} 
{'name': 'sqlwriter.exe', 'pid': 4692, 'username': None} 
{'name': 'RtkBtManServ.exe', 'pid': 4708, 'username': None} 
{'name': 'OneApp.IGCC.WinService.exe', 'pid': 4716, 'username': None} 
{'name': 'RstMwService.exe', 'pid': 4736, 'username': None} 
{'name': 'XtuService.exe', 'pid': 4744, 'username': None} 
{'name': 'armsvc.exe', 'pid': 4764, 'username': None} 
{'name': 'msedgewebview2.exe', 'pid': 4772, 'username': 'SATISH\\Satish'} 
{'name': 'WMIRegistrationService.exe', 'pid': 4788, 'username': None} 
{'name': 'RtkAudUService64.exe', 'pid': 4796, 'username': None} 
{'name': 'MsMpEng.exe', 'pid': 4804, 'username': None} 
{'name': 'LMS.exe', 'pid': 4932, 'username': None} 
{'name': 'chrome.exe', 'pid': 4984, 'username': 'SATISH\\Satish'} 
{'name': 'svchost.exe', 'pid': 4988, 'username': 'SATISH\\Satish'} 
{'name': 'svchost.exe', 'pid': 5068, 'username': None} 
{'name': 'svchost.exe', 'pid': 5176, 'username': None} 
{'name': 'HxTsr.exe', 'pid': 5208, 'username': 'SATISH\\Satish'} 
{'name': 'svchost.exe', 'pid': 5352, 'username': None} 
{'name': 'svchost.exe', 'pid': 5368, 'username': None} 
{'name': 'jhi_service.exe', 'pid': 5376, 'username': None} 
{'name': 'svchost.exe', 'pid': 5472, 'username': None} 
{'name': 'esif_uf.exe', 'pid': 5504, 'username': None} 
{'name': 'sqlservr.exe', 'pid': 5836, 'username': None} 
{'name': 'dllhost.exe', 'pid': 6040, 'username': 'SATISH\\Satish'} 
{'name': 'SystemSettingsAdminFlows.exe', 'pid': 6396, 'username': 'SATISH\\Satish'} 
{'name': 'svchost.exe', 'pid': 6668, 'username': None} 
{'name': 'svchost.exe', 'pid': 6952, 'username': None} 
{'name': 'AggregatorHost.exe', 'pid': 7040, 'username': None} 
{'name': 'backgroundTaskHost.exe', 'pid': 7128, 'username': 'SATISH\\Satish'} 
{'name': 'NisSrv.exe', 'pid': 7300, 'username': None} 
{'name': 'svchost.exe', 'pid': 7388, 'username': None} 
{'name': 'chrome.exe', 'pid': 7424, 'username': 'SATISH\\Satish'} 
{'name': 'RtkAudUService64.exe', 'pid': 7464, 'username': 'SATISH\\Satish'} 
{'name': 'svchost.exe', 'pid': 7472, 'username': None} 
{'name': 'HxOutlook.exe', 'pid': 7548, 'username': 'SATISH\\Satish'} 
{'name': 'Code.exe', 'pid': 7560, 'username': 'SATISH\\Satish'} 
{'name': 'svchost.exe', 'pid': 7600, 'username': None} 
{'name': 'svchost.exe', 'pid': 7668, 'username': None} 
{'name': 'svchost.exe', 'pid': 7704, 'username': None} 
{'name': 'audiodg.exe', 'pid': 7804, 'username': None} 
{'name': 'ETDCtrl.exe', 'pid': 7924, 'username': 'SATISH\\Satish'} 
{'name': 'sihost.exe', 'pid': 8004, 'username': 'SATISH\\Satish'} 
{'name': 'Code.exe', 'pid': 8040, 'username': 'SATISH\\Satish'} 
{'name': 'svchost.exe', 'pid': 8084, 'username': None} 
{'name': 'svchost.exe', 'pid': 8088, 'username': 'SATISH\\Satish'} 
{'name': 'svchost.exe', 'pid': 8124, 'username': 'SATISH\\Satish'} 
{'name': 'svchost.exe', 'pid': 8168, 'username': 'SATISH\\Satish'} 
{'name': 'svchost.exe', 'pid': 8240, 'username': None} 
{'name': 'chrome.exe', 'pid': 8412, 'username': 'SATISH\\Satish'} 
{'name': 'svchost.exe', 'pid': 8760, 'username': None} 
{'name': 'SECOCL64.exe', 'pid': 8872, 'username': 'SATISH\\Satish'} 
{'name': 'conhost.exe', 'pid': 8892, 'username': 'SATISH\\Satish'} 
{'name': 'chrome.exe', 'pid': 8924, 'username': 'SATISH\\Satish'} 
{'name': 'svchost.exe', 'pid': 9024, 'username': None} 
{'name': 'Code.exe', 'pid': 9064, 'username': 'SATISH\\Satish'} 
{'name': 'svchost.exe', 'pid': 9072, 'username': 'SATISH\\Satish'} 
{'name': 'conhost.exe', 'pid': 9144, 'username': 'SATISH\\Satish'} 
{'name': 'SearchHost.exe', 'pid': 9260, 'username': 'SATISH\\Satish'} 
{'name': 'RuntimeBroker.exe', 'pid': 9276, 'username': 'SATISH\\Satish'} 
{'name': 'StartMenuExperienceHost.exe', 'pid': 9300, 'username': 'SATISH\\Satish'} 
{'name': 'Widgets.exe', 'pid': 9368, 'username': 'SATISH\\Satish'} 
{'name': 'RuntimeBroker.exe', 'pid': 9384, 'username': 'SATISH\\Satish'} 
{'name': 'RuntimeBroker.exe', 'pid': 9444, 'username': 'SATISH\\Satish'} 
{'name': 'backgroundTaskHost.exe', 'pid': 9616, 'username': 'SATISH\\Satish'} 
{'name': 'svchost.exe', 'pid': 9632, 'username': 'SATISH\\Satish'} 
{'name': 'WidgetService.exe', 'pid': 9708, 'username': 'SATISH\\Satish'} 
{'name': 'svchost.exe', 'pid': 9732, 'username': 'SATISH\\Satish'} 
{'name': 'dllhost.exe', 'pid': 10012, 'username': 'SATISH\\Satish'} 
{'name': 'chrome.exe', 'pid': 10452, 'username': 'SATISH\\Satish'} 
{'name': 'chrome.exe', 'pid': 10796, 'username': 'SATISH\\Satish'} 
{'name': 'backgroundTaskHost.exe', 'pid': 11100, 'username': 'SATISH\\Satish'} 
{'name': 'ShellExperienceHost.exe', 'pid': 11112, 'username': 'SATISH\\Satish'} 
{'name': 'UserOOBEBroker.exe', 'pid': 11148, 'username': 'SATISH\\Satish'} 
{'name': 'ctfmon.exe', 'pid': 11208, 'username': 'SATISH\\Satish'} 
{'name': 'chrome.exe', 'pid': 11408, 'username': 'SATISH\\Satish'} 
{'name': 'RuntimeBroker.exe', 'pid': 11492, 'username': 'SATISH\\Satish'} 
{'name': 'TextInputHost.exe', 'pid': 11632, 'username': 'SATISH\\Satish'} 
{'name': 'taskhostw.exe', 'pid': 11656, 'username': 'SATISH\\Satish'} 
{'name': 'chrome.exe', 'pid': 11748, 'username': 'SATISH\\Satish'} 
{'name': 'SecurityHealthSystray.exe', 'pid': 11752, 'username': 'SATISH\\Satish'} 
{'name': 'SecurityHealthService.exe', 'pid': 11792, 'username': None} 
{'name': 'SystemSettingsBroker.exe', 'pid': 11800, 'username': 'SATISH\\Satish'} 
{'name': 'lmc.exe', 'pid': 11928, 'username': 'SATISH\\Satish'} 
{'name': 'BingSvc.exe', 'pid': 12024, 'username': 'SATISH\\Satish'} 
{'name': 'RuntimeBroker.exe', 'pid': 12192, 'username': 'SATISH\\Satish'} 
{'name': 'msedgewebview2.exe', 'pid': 12208, 'username': 'SATISH\\Satish'} 
{'name': 'smartscreen.exe', 'pid': 12264, 'username': 'SATISH\\Satish'} 
{'name': 'AdobeCollabSync.exe', 'pid': 12308, 'username': 'SATISH\\Satish'} 
{'name': 'AdobeCollabSync.exe', 'pid': 12360, 'username': 'SATISH\\Satish'} 
{'name': 'svchost.exe', 'pid': 12384, 'username': None} 
{'name': 'svchost.exe', 'pid': 12508, 'username': None} 
{'name': 'PhoneExperienceHost.exe', 'pid': 12600, 'username': 'SATISH\\Satish'} 
{'name': 'RuntimeBroker.exe', 'pid': 12612, 'username': 'SATISH\\Satish'} 
{'name': 'svchost.exe', 'pid': 12620, 'username': None} 
{'name': 'Spotify.exe', 'pid': 12624, 'username': 'SATISH\\Satish'} 
{'name': 'Spotify.exe', 'pid': 12768, 'username': 'SATISH\\Satish'} 
{'name': 'Spotify.exe', 'pid': 12908, 'username': 'SATISH\\Satish'} 
{'name': 'Spotify.exe', 'pid': 12916, 'username': 'SATISH\\Satish'} 
{'name': 'Spotify.exe', 'pid': 12992, 'username': 'SATISH\\Satish'} 
{'name': 'Spotify.exe', 'pid': 13536, 'username': 'SATISH\\Satish'} 
{'name': 'svchost.exe', 'pid': 13676, 'username': 'SATISH\\Satish'} 
{'name': 'chrome.exe', 'pid': 13844, 'username': 'SATISH\\Satish'} 
{'name': 'Code.exe', 'pid': 13884, 'username': 'SATISH\\Satish'} 
{'name': 'AcrobatNotificationClient.exe', 'pid': 13924, 'username': 'SATISH\\Satish'} 
{'name': 'RuntimeBroker.exe', 'pid': 13972, 'username': 'SATISH\\Satish'} 
{'name': 'notepad++.exe', 'pid': 14044, 'username': 'SATISH\\Satish'} 
{'name': 'jusched.exe', 'pid': 14244, 'username': 'SATISH\\Satish'} 
{'name': 'SDXHelper.exe', 'pid': 14316, 'username': 'SATISH\\Satish'} 
{'name': 'chrome.exe', 'pid': 14576, 'username': 'SATISH\\Satish'} 
{'name': 'dllhost.exe', 'pid': 14668, 'username': 'SATISH\\Satish'} 
{'name': 'chrome.exe', 'pid': 14812, 'username': 'SATISH\\Satish'} 
{'name': 'svchost.exe', 'pid': 14904, 'username': None} 
{'name': 'MoUsoCoreWorker.exe', 'pid': 14948, 'username': None} 
{'name': 'svchost.exe', 'pid': 14976, 'username': None} 
{'name': 'msedgewebview2.exe', 'pid': 15028, 'username': 'SATISH\\Satish'} 
{'name': 'msedgewebview2.exe', 'pid': 15060, 'username': 'SATISH\\Satish'} 
{'name': 'msedgewebview2.exe', 'pid': 15092, 'username': 'SATISH\\Satish'} 
{'name': 'chrome.exe', 'pid': 15100, 'username': 'SATISH\\Satish'} 
{'name': 'chrome.exe', 'pid': 15192, 'username': 'SATISH\\Satish'} 
{'name': 'chrome.exe', 'pid': 15340, 'username': 'SATISH\\Satish'} 
{'name': 'conhost.exe', 'pid': 15368, 'username': 'SATISH\\Satish'} 
{'name': 'chrome.exe', 'pid': 16040, 'username': 'SATISH\\Satish'} 
{'name': 'Code.exe', 'pid': 16224, 'username': 'SATISH\\Satish'} 
{'name': 'chrome.exe', 'pid': 16340, 'username': 'SATISH\\Satish'} 
{'name': 'ai.exe', 'pid': 16400, 'username': 'SATISH\\Satish'} 
{'name': 'dasHost.exe', 'pid': 16592, 'username': None} 
{'name': 'powershell.exe', 'pid': 16788, 'username': 'SATISH\\Satish'} 
{'name': 'chrome.exe', 'pid': 16836, 'username': 'SATISH\\Satish'} 
{'name': 'PrintDialog.exe', 'pid': 16848, 'username': 'SATISH\\Satish'} 
{'name': 'svchost.exe', 'pid': 17320, 'username': None} 
{'name': 'TKW6.exe', 'pid': 17492, 'username': 'SATISH\\Satish'} 
{'name': 'Code.exe', 'pid': 17744, 'username': 'SATISH\\Satish'} 
{'name': 'svchost.exe', 'pid': 18144, 'username': None} 
{'name': 'conhost.exe', 'pid': 18328, 'username': 'SATISH\\Satish'} 
{'name': 'SystemSettings.exe', 'pid': 18492, 'username': 'SATISH\\Satish'} 
{'name': 'chrome.exe', 'pid': 18632, 'username': 'SATISH\\Satish'} 
{'name': 'pet.exe', 'pid': 19440, 'username': 'SATISH\\Satish'} 
{'name': 'Code.exe', 'pid': 19536, 'username': 'SATISH\\Satish'} 
{'name': 'splwow64.exe', 'pid': 19812, 'username': 'SATISH\\Satish'} 
{'name': 'chrome.exe', 'pid': 19968, 'username': 'SATISH\\Satish'} 
{'name': 'chrome.exe', 'pid': 20356, 'username': 'SATISH\\Satish'} 
{'name': 'dasHost.exe', 'pid': 20652, 'username': None} 
{'name': 'python.exe', 'pid': 20852, 'username': 'SATISH\\Satish'} 
{'name': 'svchost.exe', 'pid': 21700, 'username': None} 
{'name': 'Code.exe', 'pid': 22376, 'username': 'SATISH\\Satish'} 
{'name': 'sqlservr.exe', 'pid': 22380, 'username': 'SATISH\\Satish'} 
----------------------------------------------------------------------
